[debug] [2024-01-24T17:36:43.238Z] ----------------------------------------------------------------------
[debug] [2024-01-24T17:36:43.240Z] Command:       C:\Program Files\nodejs\node.exe C:\Users\88017\AppData\Roaming\npm\node_modules\firebase-tools\lib\bin\firebase.js init
[debug] [2024-01-24T17:36:43.241Z] CLI Version:   13.0.3
[debug] [2024-01-24T17:36:43.241Z] Platform:      win32
[debug] [2024-01-24T17:36:43.241Z] Node Version:  v20.3.0
[debug] [2024-01-24T17:36:43.241Z] Time:          Wed Jan 24 2024 23:36:43 GMT+0600 (Bangladesh Standard Time)
[debug] [2024-01-24T17:36:43.241Z] ----------------------------------------------------------------------
[debug] 
[debug] [2024-01-24T17:36:43.244Z] >>> [apiv2][query] GET https://firebase-public.firebaseio.com/cli.json [none]
[debug] [2024-01-24T17:36:43.292Z] > command requires scopes: ["email","openid","https://www.googleapis.com/auth/cloudplatformprojects.readonly","https://www.googleapis.com/auth/firebase","https://www.googleapis.com/auth/cloud-platform"]
[debug] [2024-01-24T17:36:43.292Z] > authorizing via signed-in user (ashrafulhas03@gmail.com)
[info] 
     ######## #### ########  ######## ########     ###     ######  ########
     ##        ##  ##     ## ##       ##     ##  ##   ##  ##       ##
     ######    ##  ########  ######   ########  #########  ######  ######
     ##        ##  ##    ##  ##       ##     ## ##     ##       ## ##
     ##       #### ##     ## ######## ########  ##     ##  ######  ########

You're about to initialize a Firebase project in this directory:

  C:\Users\88017\Documents\Assignment-12\shadi-alap-server

[debug] [2024-01-24T17:36:43.938Z] <<< [apiv2][status] GET https://firebase-public.firebaseio.com/cli.json 200
[debug] [2024-01-24T17:36:43.939Z] <<< [apiv2][body] GET https://firebase-public.firebaseio.com/cli.json {"cloudBuildErrorAfter":1594252800000,"cloudBuildWarnAfter":1590019200000,"defaultNode10After":1594252800000,"minVersion":"3.0.5","node8DeploysDisabledAfter":1613390400000,"node8RuntimeDisabledAfter":1615809600000,"node8WarnAfter":1600128000000}
[info] 
=== Project Setup
[info] 
[info] First, let's associate this project directory with a Firebase project.
[info] You can create multiple project aliases by running firebase use --add, 
[info] but for now we'll just set up a default project.
[info] 
[debug] [2024-01-24T17:37:06.884Z] > refreshing access token with scopes: []
[debug] [2024-01-24T17:37:06.885Z] >>> [apiv2][query] POST https://www.googleapis.com/oauth2/v3/token [none]
[debug] [2024-01-24T17:37:06.885Z] >>> [apiv2][body] POST https://www.googleapis.com/oauth2/v3/token [omitted]
[debug] [2024-01-24T17:37:07.252Z] <<< [apiv2][status] POST https://www.googleapis.com/oauth2/v3/token 200
[debug] [2024-01-24T17:37:07.252Z] <<< [apiv2][body] POST https://www.googleapis.com/oauth2/v3/token [omitted]
[debug] [2024-01-24T17:37:07.268Z] >>> [apiv2][query] GET https://firebase.googleapis.com/v1beta1/projects pageSize=100
[debug] [2024-01-24T17:37:08.380Z] <<< [apiv2][status] GET https://firebase.googleapis.com/v1beta1/projects 200
[debug] [2024-01-24T17:37:08.380Z] <<< [apiv2][body] GET https://firebase.googleapis.com/v1beta1/projects [omitted]
[debug] [2024-01-24T17:39:21.402Z] ----------------------------------------------------------------------
[debug] [2024-01-24T17:39:21.405Z] Command:       C:\Program Files\nodejs\node.exe C:\Users\88017\AppData\Roaming\npm\node_modules\firebase-tools\lib\bin\firebase.js init
[debug] [2024-01-24T17:39:21.405Z] CLI Version:   13.0.3
[debug] [2024-01-24T17:39:21.405Z] Platform:      win32
[debug] [2024-01-24T17:39:21.405Z] Node Version:  v20.3.0
[debug] [2024-01-24T17:39:21.406Z] Time:          Wed Jan 24 2024 23:39:21 GMT+0600 (Bangladesh Standard Time)
[debug] [2024-01-24T17:39:21.406Z] ----------------------------------------------------------------------
[debug] 
[debug] [2024-01-24T17:39:21.413Z] > command requires scopes: ["email","openid","https://www.googleapis.com/auth/cloudplatformprojects.readonly","https://www.googleapis.com/auth/firebase","https://www.googleapis.com/auth/cloud-platform"]
[debug] [2024-01-24T17:39:21.413Z] > authorizing via signed-in user (ashrafulhas03@gmail.com)
[info] 
     ######## #### ########  ######## ########     ###     ######  ########
     ##        ##  ##     ## ##       ##     ##  ##   ##  ##       ##
     ######    ##  ########  ######   ########  #########  ######  ######
     ##        ##  ##    ##  ##       ##     ## ##     ##       ## ##
     ##       #### ##     ## ######## ########  ##     ##  ######  ########

You're about to initialize a Firebase project in this directory:

  C:\Users\88017\Documents\Assignment-12\shadi-alap-server

